2026-06-21 18:43:38,387 INFO Logged into Matchbook as nintza13
2026-06-21 18:46:00,641 INFO Logged into Matchbook as nintza13
2026-06-21 18:46:01,483 INFO Bet placed: Belgium vs Iran, selection=1, odds=1.43, stake=0.1, status=matched
2026-06-21 18:46:02,656 INFO Bet placed: New Zealand vs Egypt, selection=2, odds=1.59, stake=0.1, status=matched
2026-06-21 18:46:03,146 INFO Tip is not a simple 1/2/X bet, sending for manual review: Νέα Ζηλανδία - Αίγυπτος
(22/6, 04:00)
1.60
2026-06-21 18:46:03,555 INFO Tip is not a simple 1/2/X bet, sending for manual review: ΟΛΛΑΝΔΙΑ - ΣΟΥΗΔΙΑ 20/06 20:00 1 & Over 1.5 2.08
2026-06-21 18:46:04,042 INFO Tip is not a simple 1/2/X bet, sending for manual review: Βέλγιο - Ιράν
1
2026-06-21 18:46:04,550 WARNING Tip missing translated team names, skipping: https://www.sentragoal.gr/dunato-simeio-imeras/|div[id^='predictions_'][id$='_page_container'] > table > tbody > tr:nth-child(2) > td.predictions_table__date.text-center.font-0-8.text-nowrap.text-gray-500,div[id^='predictions_'][id$='_page_container'] > table > tbody > tr:nth-child(2) > td.predictions_table__fixture.text-start.font-0-9,div[id^='predictions_'][id$='_page_container'] > table > tbody > tr:nth-child(2) > td.predictions_table__market.text-start.fw-medium.font-0-9,div[id^='predictions_'][id$='_page_container'] > table > tbody > tr:nth-child(2) > td.predictions_table__betting-odd.text-center.text-nowrap
2026-06-21 18:46:04,922 INFO Tip is not a simple 1/2/X bet, sending for manual review: Σαμπαντέλ - Zamora
1
2026-06-22 11:00:06,744 INFO Logged into Matchbook as nintza13
2026-06-22 11:00:07,383 INFO Bet placed: Argentina vs Austria, selection=1, odds=1.48, stake=0.1, status=matched
2026-06-22 11:00:08,489 INFO Bet placed: Norway vs Senegal, selection=1, odds=2.22, stake=0.1, status=matched
2026-06-22 11:00:08,874 INFO Tip is not a simple 1/2/X bet, sending for manual review: Ιορδανία - Αλγερία
(23/6, 06:00)
1.55
2026-06-22 11:00:09,242 INFO Tip is not a simple 1/2/X bet, sending for manual review: ΝΟΡΒΗΓΙΑ - ΣΕΝΕΓΑΛΗ 23/06 03:00 X2 & Over 1.5 2.25
2026-06-22 11:00:09,628 INFO Tip is not a simple 1/2/X bet, sending for manual review: Αργεντινή - Αυστρία
1
2026-06-22 11:00:09,996 WARNING Tip missing translated team names, skipping: https://www.sentragoal.gr/dunato-simeio-imeras/|div[id^='predictions_'][id$='_page_container'] > table > tbody > tr:nth-child(2) > td.predictions_table__date.text-center.font-0-8.text-nowrap.text-gray-500,div[id^='predictions_'][id$='_page_container'] > table > tbody > tr:nth-child(2) > td.predictions_table__fixture.text-start.font-0-9,div[id^='predictions_'][id$='_page_container'] > table > tbody > tr:nth-child(2) > td.predictions_table__market.text-start.fw-medium.font-0-9,div[id^='predictions_'][id$='_page_container'] > table > tbody > tr:nth-child(2) > td.predictions_table__betting-odd.text-center.text-nowrap
2026-06-22 11:00:10,355 INFO Tip is not a simple 1/2/X bet, sending for manual review: Βάρμπεργκ - Λαντσκρόνα
1
2026-06-22 11:50:13,136 INFO Logged into Matchbook as nintza13
2026-06-22 11:50:14,147 INFO Bet placed: Argentina vs Austria, selection=1, odds=1.47, stake=0.1, status=matched
2026-06-22 11:50:16,070 INFO Bet placed: Norway vs Senegal, selection=1, odds=2.24, stake=0.1, status=matched
2026-06-22 11:50:16,456 INFO Tip is not a simple 1/2/X bet, sending for manual review: Ιορδανία - Αλγερία
(23/6, 06:00)
1.55
2026-06-22 11:50:16,823 INFO Tip is not a simple 1/2/X bet, sending for manual review: ΝΟΡΒΗΓΙΑ - ΣΕΝΕΓΑΛΗ 23/06 03:00 X2 & Over 1.5 2.25
2026-06-22 11:50:17,208 INFO Tip is not a simple 1/2/X bet, sending for manual review: Αργεντινή - Αυστρία
1
2026-06-22 11:50:18,035 WARNING No Matchbook event found for Jordan vs Algeria
2026-06-22 11:50:18,412 INFO Tip is not a simple 1/2/X bet, sending for manual review: Βάρμπεργκ - Λαντσκρόνα
1
2026-06-22 11:50:19,727 INFO Bet placed: Jordan vs Algeria, selection=2, odds=1.55, stake=0.1, status=matched
2026-06-22 11:50:20,567 WARNING No Matchbook event found for Varberg vs Landscrona
2026-06-22 11:50:21,932 INFO Bet placed: Argentina vs Austria, selection=1, odds=1.47, stake=0.1, status=matched
2026-06-23 11:00:08,700 INFO Logged into Matchbook as nintza13
2026-06-23 11:00:09,067 WARNING No Matchbook event found for Kuopio vs Ilves
2026-06-23 11:00:09,792 WARNING No Matchbook event found for Panama vs Croatian
2026-06-23 11:00:10,153 INFO Tip is not a simple 1/2/X bet, sending for manual review: Ιορδανία - Αλγερία
(23/6, 06:00)
1.55
2026-06-23 11:00:10,484 INFO Tip is not a simple 1/2/X bet, sending for manual review: ΑΓΓΛΙΑ - ΓΚΑΝΑ 23/06 23:00 1/1 & Over 2.5 2.37
2026-06-23 11:00:10,834 INFO Tip is not a simple 1/2/X bet, sending for manual review: Αργεντινή - Αυστρία
1
2026-06-23 11:00:11,166 INFO Tip is not a simple 1/2/X bet, sending for manual review: 24/06
02:00
Παναμάς
Κροατία
2 & Οver 1,5
1.80
2026-06-23 11:00:11,509 INFO Tip is not a simple 1/2/X bet, sending for manual review: Βάρμπεργκ - Λαντσκρόνα
1
2026-06-23 11:00:12,322 WARNING No Matchbook event found for Colombia vs DR Congo
2026-06-23 11:00:13,042 WARNING No Matchbook event found for Varbergs Bois vs Landskrona Bois
2026-06-23 11:00:13,750 WARNING No Matchbook event found for Argentina vs Austria
2026-06-24 11:00:08,357 INFO Logged into Matchbook as nintza13
2026-06-24 11:00:08,724 WARNING No Matchbook event found for Bosnia vs Catarrh
2026-06-24 11:00:09,481 WARNING No Matchbook event found for Panama vs Croatian
2026-06-24 11:00:09,806 INFO Tip is not a simple 1/2/X bet, sending for manual review: Ιορδανία - Αλγερία
(23/6, 06:00)
1.55
2026-06-24 11:00:10,206 INFO Tip is not a simple 1/2/X bet, sending for manual review: ΝΟΤΙΑ ΑΦΡΙΚΗ - ΝΟΤΙΑ ΚΟΡΕΑ 25/06 04:00 2 & Under 4.5 1.98
2026-06-24 11:00:10,577 INFO Tip is not a simple 1/2/X bet, sending for manual review: Αργεντινή - Αυστρία
1
2026-06-24 11:00:10,921 INFO Tip is not a simple 1/2/X bet, sending for manual review: 24/06
22:00
Ελβετία
Καναδάς
Χ
3.00
2026-06-24 11:00:11,295 INFO Tip is not a simple 1/2/X bet, sending for manual review: Βάρμπεργκ - Λαντσκρόνα
1
2026-06-24 11:00:12,088 WARNING No Matchbook event found for S. Africa vs South Korea
2026-06-24 11:00:12,544 WARNING No Matchbook event found for Varbergs Bois vs Landskrona Bois
2026-06-24 11:00:13,567 INFO Bet placed: South Africa vs South Korea, selection=2, odds=1.67, stake=0.1, status=matched
2026-06-25 11:00:07,863 INFO Logged into Matchbook as nintza13
2026-06-25 11:00:08,362 WARNING No matching market/runner for Grobina vs Auda
2026-06-25 11:00:08,886 WARNING No Matchbook event found for Panama vs Croatian
2026-06-25 11:00:09,299 INFO Tip is not a simple 1/2/X bet, sending for manual review: Ιορδανία - Αλγερία
(23/6, 06:00)
1.55
2026-06-25 11:00:09,699 INFO Tip is not a simple 1/2/X bet, sending for manual review: ΕΚΟΥΑΔΟΡ - ΓΕΡΜΑΝΙΑ 25/06 23:00 Goal/Goal & Over 2.5 2.08
2026-06-25 11:00:10,092 INFO Tip is not a simple 1/2/X bet, sending for manual review: Αργεντινή - Αυστρία
1
2026-06-25 11:00:10,472 INFO Tip is not a simple 1/2/X bet, sending for manual review: 26/06
02:00
Ιαπωνία
Σουηδία
G/G
1.68
2026-06-25 11:00:10,806 INFO Tip is not a simple 1/2/X bet, sending for manual review: Βάρμπεργκ - Λαντσκρόνα
1
2026-06-25 11:00:12,139 INFO Bet placed: Ecuador vs Germany, selection=2, odds=1.56, stake=0.1, status=matched
2026-06-25 11:00:12,623 WARNING No Matchbook event found for Varbergs Bois vs Landskrona Bois
2026-06-25 11:00:13,455 WARNING No Matchbook event found for South Africa vs South Korea
2026-06-25 11:00:13,846 INFO Tip is not a simple 1/2/X bet, sending for manual review: 23/6
Παναμάς - Κροατία
2026-06-25 11:00:14,206 INFO Tip is not a simple 1/2/X bet, sending for manual review: Χ2
1.83
Ιαπωνία
Σουηδία
