2026-06-21 18:43:37,208 INFO Βέλγιο vs Ιράν -> Belgium vs Iran
2026-06-21 18:43:37,209 INFO Νέα Ζηλανδία vs Αίγυπτος -> New Zealand vs Egypt
2026-06-21 18:43:37,209 INFO Νέα Ζηλανδία vs Αίγυπτος -> New Zealand vs Egypt
2026-06-21 18:43:37,209 INFO ΟΛΛΑΝΔΙΑ vs ΣΟΥΗΔΙΑ -> Netherlands vs Sweden
2026-06-21 18:43:37,209 INFO Βέλγιο vs Ιράν -> Belgium vs Iran
2026-06-21 18:43:37,209 WARNING Could not find team names in tip: 21/06
19:00
Ισπανία
Σαουδική Αραβία
1 & Σαουδική Αραβία Over 1,5 κίτρινες κάρτες
1.95
2026-06-21 18:43:37,812 INFO Translated unknown team 'Zamora' -> 'Zamora' (consider adding to KNOWN_TEAMS)
2026-06-21 18:43:37,813 INFO Σαμπαντέλ vs Zamora -> Sabadell vs Zamora
2026-06-21 18:43:37,814 INFO Wrote translated tips to /app/last_sent.json
2026-06-21 18:45:59,777 INFO Βέλγιο vs Ιράν -> Belgium vs Iran
2026-06-21 18:45:59,777 INFO Νέα Ζηλανδία vs Αίγυπτος -> New Zealand vs Egypt
2026-06-21 18:45:59,778 INFO Νέα Ζηλανδία vs Αίγυπτος -> New Zealand vs Egypt
2026-06-21 18:45:59,778 INFO ΟΛΛΑΝΔΙΑ vs ΣΟΥΗΔΙΑ -> Netherlands vs Sweden
2026-06-21 18:45:59,778 INFO Βέλγιο vs Ιράν -> Belgium vs Iran
2026-06-21 18:45:59,778 WARNING Could not find team names in tip: 21/06
19:00
Ισπανία
Σαουδική Αραβία
1 & Σαουδική Αραβία Over 1,5 κίτρινες κάρτες
1.95
2026-06-21 18:46:00,046 INFO Translated unknown team 'Zamora' -> 'Zamora' (consider adding to KNOWN_TEAMS)
2026-06-21 18:46:00,047 INFO Σαμπαντέλ vs Zamora -> Sabadell vs Zamora
2026-06-21 18:46:00,048 INFO Wrote translated tips to /app/last_sent.json
2026-06-22 11:00:01,775 INFO Translated unknown team 'Αργεντινή' -> 'Argentina' (consider adding to KNOWN_TEAMS)
2026-06-22 11:00:02,071 INFO Translated unknown team 'Αυστρία' -> 'Austria' (consider adding to KNOWN_TEAMS)
2026-06-22 11:00:02,072 INFO Αργεντινή vs Αυστρία -> Argentina vs Austria
2026-06-22 11:00:02,340 INFO Translated unknown team 'Νορβηγία' -> 'Norway' (consider adding to KNOWN_TEAMS)
2026-06-22 11:00:02,627 INFO Translated unknown team 'Σενεγάλη' -> 'Senegal' (consider adding to KNOWN_TEAMS)
2026-06-22 11:00:02,628 INFO Νορβηγία vs Σενεγάλη -> Norway vs Senegal
2026-06-22 11:00:02,916 INFO Translated unknown team 'Ιορδανία' -> 'Jordan' (consider adding to KNOWN_TEAMS)
2026-06-22 11:00:03,228 INFO Translated unknown team 'Αλγερία' -> 'Algeria' (consider adding to KNOWN_TEAMS)
2026-06-22 11:00:03,228 INFO Ιορδανία vs Αλγερία -> Jordan vs Algeria
2026-06-22 11:00:03,535 INFO Translated unknown team 'ΝΟΡΒΗΓΙΑ' -> 'NORWAY' (consider adding to KNOWN_TEAMS)
2026-06-22 11:00:03,821 INFO Translated unknown team 'ΣΕΝΕΓΑΛΗ' -> 'SENEGAL' (consider adding to KNOWN_TEAMS)
2026-06-22 11:00:03,822 INFO ΝΟΡΒΗΓΙΑ vs ΣΕΝΕΓΑΛΗ -> NORWAY vs SENEGAL
2026-06-22 11:00:04,103 INFO Translated unknown team 'Αργεντινή' -> 'Argentina' (consider adding to KNOWN_TEAMS)
2026-06-22 11:00:04,404 INFO Translated unknown team 'Αυστρία' -> 'Austria' (consider adding to KNOWN_TEAMS)
2026-06-22 11:00:04,405 INFO Αργεντινή vs Αυστρία -> Argentina vs Austria
2026-06-22 11:00:04,405 WARNING Could not find team names in tip: 23/06
06:00
Ιορδανία
Αλγερία
2
1.62
2026-06-22 11:00:05,493 INFO Translated unknown team 'Βάρμπεργκ' -> 'Varberg' (consider adding to KNOWN_TEAMS)
2026-06-22 11:00:06,199 INFO Translated unknown team 'Λαντσκρόνα' -> 'Landscrona' (consider adding to KNOWN_TEAMS)
2026-06-22 11:00:06,200 INFO Βάρμπεργκ vs Λαντσκρόνα -> Varberg vs Landscrona
2026-06-22 11:00:06,200 INFO Wrote translated tips to /app/last_sent.json
2026-06-22 11:50:04,638 INFO Translated unknown team 'Αργεντινή' -> 'Argentina' (consider adding to KNOWN_TEAMS)
2026-06-22 11:50:04,980 INFO Translated unknown team 'Αυστρία' -> 'Austria' (consider adding to KNOWN_TEAMS)
2026-06-22 11:50:04,982 INFO Αργεντινή vs Αυστρία -> Argentina vs Austria
2026-06-22 11:50:05,814 INFO Translated unknown team 'Νορβηγία' -> 'Norway' (consider adding to KNOWN_TEAMS)
2026-06-22 11:50:06,206 INFO Translated unknown team 'Σενεγάλη' -> 'Senegal' (consider adding to KNOWN_TEAMS)
2026-06-22 11:50:06,207 INFO Νορβηγία vs Σενεγάλη -> Norway vs Senegal
2026-06-22 11:50:06,597 INFO Translated unknown team 'Ιορδανία' -> 'Jordan' (consider adding to KNOWN_TEAMS)
2026-06-22 11:50:06,996 INFO Translated unknown team 'Αλγερία' -> 'Algeria' (consider adding to KNOWN_TEAMS)
2026-06-22 11:50:06,997 INFO Ιορδανία vs Αλγερία -> Jordan vs Algeria
2026-06-22 11:50:07,329 INFO Translated unknown team 'ΝΟΡΒΗΓΙΑ' -> 'NORWAY' (consider adding to KNOWN_TEAMS)
2026-06-22 11:50:07,691 INFO Translated unknown team 'ΣΕΝΕΓΑΛΗ' -> 'SENEGAL' (consider adding to KNOWN_TEAMS)
2026-06-22 11:50:07,691 INFO ΝΟΡΒΗΓΙΑ vs ΣΕΝΕΓΑΛΗ -> NORWAY vs SENEGAL
2026-06-22 11:50:08,057 INFO Translated unknown team 'Αργεντινή' -> 'Argentina' (consider adding to KNOWN_TEAMS)
2026-06-22 11:50:08,433 INFO Translated unknown team 'Αυστρία' -> 'Austria' (consider adding to KNOWN_TEAMS)
2026-06-22 11:50:08,434 INFO Αργεντινή vs Αυστρία -> Argentina vs Austria
2026-06-22 11:50:08,796 INFO Translated unknown team 'Ιορδανία' -> 'Jordan' (consider adding to KNOWN_TEAMS)
2026-06-22 11:50:09,148 INFO Translated unknown team 'Αλγερία' -> 'Algeria' (consider adding to KNOWN_TEAMS)
2026-06-22 11:50:09,148 INFO Ιορδανία vs Αλγερία -> Jordan vs Algeria
2026-06-22 11:50:09,580 INFO Translated unknown team 'Βάρμπεργκ' -> 'Varberg' (consider adding to KNOWN_TEAMS)
2026-06-22 11:50:09,953 INFO Translated unknown team 'Λαντσκρόνα' -> 'Landscrona' (consider adding to KNOWN_TEAMS)
2026-06-22 11:50:09,954 INFO Βάρμπεργκ vs Λαντσκρόνα -> Varberg vs Landscrona
2026-06-22 11:50:10,411 INFO Translated unknown team 'Ιορδανία' -> 'Jordan' (consider adding to KNOWN_TEAMS)
2026-06-22 11:50:10,760 INFO Translated unknown team 'Αλγερία' -> 'Algeria' (consider adding to KNOWN_TEAMS)
2026-06-22 11:50:10,761 INFO Ιορδανία vs Αλγερία -> Jordan vs Algeria
2026-06-22 11:50:11,242 INFO Translated unknown team 'Βάρμπεργκ' -> 'Varberg' (consider adding to KNOWN_TEAMS)
2026-06-22 11:50:11,655 INFO Translated unknown team 'Λαντσκρόνα' -> 'Landscrona' (consider adding to KNOWN_TEAMS)
2026-06-22 11:50:11,656 INFO Βάρμπεργκ vs Λαντσκρόνα -> Varberg vs Landscrona
2026-06-22 11:50:12,027 INFO Translated unknown team 'Αργεντινή' -> 'Argentina' (consider adding to KNOWN_TEAMS)
2026-06-22 11:50:12,426 INFO Translated unknown team 'Αυστρία' -> 'Austria' (consider adding to KNOWN_TEAMS)
2026-06-22 11:50:12,427 INFO Αργεντινή vs Αυστρία -> Argentina vs Austria
2026-06-22 11:50:12,429 INFO Wrote translated tips to /app/last_sent.json
2026-06-23 11:00:02,453 INFO Translated unknown team 'Κουόπιο' -> 'Kuopio' (consider adding to KNOWN_TEAMS)
2026-06-23 11:00:03,070 INFO Translated unknown team 'Ίλβες' -> 'Ilves' (consider adding to KNOWN_TEAMS)
2026-06-23 11:00:03,071 INFO Κουόπιο vs Ίλβες -> Kuopio vs Ilves
2026-06-23 11:00:03,367 INFO Translated unknown team 'Παναμάς' -> 'Panama' (consider adding to KNOWN_TEAMS)
2026-06-23 11:00:03,669 INFO Translated unknown team 'Κροατία' -> 'Croatian' (consider adding to KNOWN_TEAMS)
2026-06-23 11:00:03,670 INFO Παναμάς vs Κροατία -> Panama vs Croatian
2026-06-23 11:00:03,952 INFO Translated unknown team 'Ιορδανία' -> 'Jordan' (consider adding to KNOWN_TEAMS)
2026-06-23 11:00:04,241 INFO Translated unknown team 'Αλγερία' -> 'Algeria' (consider adding to KNOWN_TEAMS)
2026-06-23 11:00:04,242 INFO Ιορδανία vs Αλγερία -> Jordan vs Algeria
2026-06-23 11:00:04,531 INFO Translated unknown team 'ΑΓΓΛΙΑ' -> 'ENGLAND' (consider adding to KNOWN_TEAMS)
2026-06-23 11:00:05,290 INFO Translated unknown team 'ΓΚΑΝΑ' -> 'GHANA' (consider adding to KNOWN_TEAMS)
2026-06-23 11:00:05,291 INFO ΑΓΓΛΙΑ vs ΓΚΑΝΑ -> ENGLAND vs GHANA
2026-06-23 11:00:05,575 INFO Translated unknown team 'Αργεντινή' -> 'Argentina' (consider adding to KNOWN_TEAMS)
2026-06-23 11:00:05,854 INFO Translated unknown team 'Αυστρία' -> 'Austria' (consider adding to KNOWN_TEAMS)
2026-06-23 11:00:05,855 INFO Αργεντινή vs Αυστρία -> Argentina vs Austria
2026-06-23 11:00:06,203 INFO Translated unknown team 'Παναμάς' -> 'Panama' (consider adding to KNOWN_TEAMS)
2026-06-23 11:00:06,471 INFO Translated unknown team 'Κροατία' -> 'Croatian' (consider adding to KNOWN_TEAMS)
2026-06-23 11:00:06,472 INFO Παναμάς vs Κροατία -> Panama vs Croatian
2026-06-23 11:00:06,472 INFO Βάρμπεργκ vs Λαντσκρόνα -> Varbergs Bois vs Landskrona Bois
2026-06-23 11:00:06,760 INFO Translated unknown team 'Κολομβία' -> 'Colombia' (consider adding to KNOWN_TEAMS)
2026-06-23 11:00:07,556 INFO Translated unknown team 'ΛΔ Κονγκό' -> 'DR Congo' (consider adding to KNOWN_TEAMS)
2026-06-23 11:00:07,557 INFO Κολομβία vs ΛΔ Κονγκό -> Colombia vs DR Congo
2026-06-23 11:00:07,557 INFO Βάρμπεργκ vs Λαντσκρόνα -> Varbergs Bois vs Landskrona Bois
2026-06-23 11:00:07,814 INFO Translated unknown team 'Αργεντινή' -> 'Argentina' (consider adding to KNOWN_TEAMS)
2026-06-23 11:00:08,105 INFO Translated unknown team 'Αυστρία' -> 'Austria' (consider adding to KNOWN_TEAMS)
2026-06-23 11:00:08,106 INFO Αργεντινή vs Αυστρία -> Argentina vs Austria
2026-06-23 11:00:08,107 INFO Wrote translated tips to /app/last_sent.json
2026-06-24 11:00:02,343 INFO Translated unknown team 'Βοσνία' -> 'Bosnia' (consider adding to KNOWN_TEAMS)
2026-06-24 11:00:02,601 INFO Translated unknown team 'Κατάρ' -> 'Catarrh' (consider adding to KNOWN_TEAMS)
2026-06-24 11:00:02,602 INFO Βοσνία vs Κατάρ -> Bosnia vs Catarrh
2026-06-24 11:00:02,891 INFO Translated unknown team 'Παναμάς' -> 'Panama' (consider adding to KNOWN_TEAMS)
2026-06-24 11:00:03,207 INFO Translated unknown team 'Κροατία' -> 'Croatian' (consider adding to KNOWN_TEAMS)
2026-06-24 11:00:03,208 INFO Παναμάς vs Κροατία -> Panama vs Croatian
2026-06-24 11:00:03,503 INFO Translated unknown team 'Ιορδανία' -> 'Jordan' (consider adding to KNOWN_TEAMS)
2026-06-24 11:00:03,789 INFO Translated unknown team 'Αλγερία' -> 'Algeria' (consider adding to KNOWN_TEAMS)
2026-06-24 11:00:03,790 INFO Ιορδανία vs Αλγερία -> Jordan vs Algeria
2026-06-24 11:00:04,065 INFO Translated unknown team 'ΝΟΤΙΑ ΑΦΡΙΚΗ' -> 'SOUTH AFRICA' (consider adding to KNOWN_TEAMS)
2026-06-24 11:00:04,590 INFO Translated unknown team 'ΝΟΤΙΑ ΚΟΡΕΑ' -> 'SOUTH KOREA' (consider adding to KNOWN_TEAMS)
2026-06-24 11:00:04,592 INFO ΝΟΤΙΑ ΑΦΡΙΚΗ vs ΝΟΤΙΑ ΚΟΡΕΑ -> SOUTH AFRICA vs SOUTH KOREA
2026-06-24 11:00:04,873 INFO Translated unknown team 'Αργεντινή' -> 'Argentina' (consider adding to KNOWN_TEAMS)
2026-06-24 11:00:05,154 INFO Translated unknown team 'Αυστρία' -> 'Austria' (consider adding to KNOWN_TEAMS)
2026-06-24 11:00:05,155 INFO Αργεντινή vs Αυστρία -> Argentina vs Austria
2026-06-24 11:00:05,482 INFO Translated unknown team 'Ελβετία' -> 'Switzerland' (consider adding to KNOWN_TEAMS)
2026-06-24 11:00:05,754 INFO Translated unknown team 'Καναδάς' -> 'Canada' (consider adding to KNOWN_TEAMS)
2026-06-24 11:00:05,755 INFO Ελβετία vs Καναδάς -> Switzerland vs Canada
2026-06-24 11:00:05,755 INFO Βάρμπεργκ vs Λαντσκρόνα -> Varbergs Bois vs Landskrona Bois
2026-06-24 11:00:06,674 INFO Translated unknown team 'Ν. Αφρική' -> 'S. Africa' (consider adding to KNOWN_TEAMS)
2026-06-24 11:00:07,143 INFO Translated unknown team 'Νότια Κορέα' -> 'South Korea' (consider adding to KNOWN_TEAMS)
2026-06-24 11:00:07,144 INFO Ν. Αφρική vs Νότια Κορέα -> S. Africa vs South Korea
2026-06-24 11:00:07,145 INFO Βάρμπεργκ vs Λαντσκρόνα -> Varbergs Bois vs Landskrona Bois
2026-06-24 11:00:07,474 INFO Translated unknown team 'Νότια Αφρική' -> 'South Africa' (consider adding to KNOWN_TEAMS)
2026-06-24 11:00:07,761 INFO Translated unknown team 'Νότια Κορέα' -> 'South Korea' (consider adding to KNOWN_TEAMS)
2026-06-24 11:00:07,762 INFO Νότια Αφρική vs Νότια Κορέα -> South Africa vs South Korea
2026-06-24 11:00:07,763 INFO Wrote translated tips to /app/last_sent.json
2026-06-25 11:00:01,998 INFO Translated unknown team 'Γκρομπίνα' -> 'Grobina' (consider adding to KNOWN_TEAMS)
2026-06-25 11:00:02,577 INFO Translated unknown team 'Αούντα' -> 'Auda' (consider adding to KNOWN_TEAMS)
2026-06-25 11:00:02,578 INFO Γκρομπίνα vs Αούντα -> Grobina vs Auda
2026-06-25 11:00:02,865 INFO Translated unknown team 'Παναμάς' -> 'Panama' (consider adding to KNOWN_TEAMS)
2026-06-25 11:00:03,133 INFO Translated unknown team 'Κροατία' -> 'Croatian' (consider adding to KNOWN_TEAMS)
2026-06-25 11:00:03,134 INFO Παναμάς vs Κροατία -> Panama vs Croatian
2026-06-25 11:00:03,419 INFO Translated unknown team 'Ιορδανία' -> 'Jordan' (consider adding to KNOWN_TEAMS)
2026-06-25 11:00:03,698 INFO Translated unknown team 'Αλγερία' -> 'Algeria' (consider adding to KNOWN_TEAMS)
2026-06-25 11:00:03,699 INFO Ιορδανία vs Αλγερία -> Jordan vs Algeria
2026-06-25 11:00:03,968 INFO Translated unknown team 'ΕΚΟΥΑΔΟΡ' -> 'ECUADOR' (consider adding to KNOWN_TEAMS)
2026-06-25 11:00:04,298 INFO Translated unknown team 'ΓΕΡΜΑΝΙΑ' -> 'GERMANY' (consider adding to KNOWN_TEAMS)
2026-06-25 11:00:04,299 INFO ΕΚΟΥΑΔΟΡ vs ΓΕΡΜΑΝΙΑ -> ECUADOR vs GERMANY
2026-06-25 11:00:04,562 INFO Translated unknown team 'Αργεντινή' -> 'Argentina' (consider adding to KNOWN_TEAMS)
2026-06-25 11:00:04,899 INFO Translated unknown team 'Αυστρία' -> 'Austria' (consider adding to KNOWN_TEAMS)
2026-06-25 11:00:04,900 INFO Αργεντινή vs Αυστρία -> Argentina vs Austria
2026-06-25 11:00:05,185 INFO Translated unknown team 'Ιαπωνία' -> 'Japan' (consider adding to KNOWN_TEAMS)
2026-06-25 11:00:05,186 INFO Ιαπωνία vs Σουηδία -> Japan vs Sweden
2026-06-25 11:00:05,187 INFO Βάρμπεργκ vs Λαντσκρόνα -> Varbergs Bois vs Landskrona Bois
2026-06-25 11:00:05,481 INFO Translated unknown team 'Εκουαδόρ' -> 'Ecuador' (consider adding to KNOWN_TEAMS)
2026-06-25 11:00:05,795 INFO Translated unknown team 'Γερμανία' -> 'Germany' (consider adding to KNOWN_TEAMS)
2026-06-25 11:00:05,796 INFO Εκουαδόρ vs Γερμανία -> Ecuador vs Germany
2026-06-25 11:00:05,796 INFO Βάρμπεργκ vs Λαντσκρόνα -> Varbergs Bois vs Landskrona Bois
2026-06-25 11:00:06,084 INFO Translated unknown team 'Νότια Αφρική' -> 'South Africa' (consider adding to KNOWN_TEAMS)
2026-06-25 11:00:06,352 INFO Translated unknown team 'Νότια Κορέα' -> 'South Korea' (consider adding to KNOWN_TEAMS)
2026-06-25 11:00:06,353 INFO Νότια Αφρική vs Νότια Κορέα -> South Africa vs South Korea
2026-06-25 11:00:06,630 INFO Translated unknown team 'Παναμάς' -> 'Panama' (consider adding to KNOWN_TEAMS)
2026-06-25 11:00:06,956 INFO Translated unknown team 'Κροατία' -> 'Croatian' (consider adding to KNOWN_TEAMS)
2026-06-25 11:00:06,956 INFO Παναμάς vs Κροατία -> Panama vs Croatian
2026-06-25 11:00:07,250 INFO Translated unknown team 'Ιαπωνία' -> 'Japan' (consider adding to KNOWN_TEAMS)
2026-06-25 11:00:07,251 INFO Ιαπωνία vs Σουηδία -> Japan vs Sweden
2026-06-25 11:00:07,253 INFO Wrote translated tips to /app/last_sent.json
